<?xml version="1.0" encoding="UTF-8"?>
<testsuite xmlns:xsi="http://www.w3.org/2001/XMLSchema-instance" xsi:noNamespaceSchemaLocation="https://maven.apache.org/surefire/maven-surefire-plugin/xsd/surefire-test-report.xsd" name="com.example.FunctionTest" time="2.64" tests="1" errors="0" skipped="0" failures="0">
  <properties>
    <property name="java.specification.version" value="18"/>
    <property name="sun.jnu.encoding" value="UTF-8"/>
    <property name="java.class.path" value="/Users/wheelernewman/SF Projects/SimplyConvert/functions/simplyconvert/target/test-classes:/Users/wheelernewman/SF Projects/SimplyConvert/functions/simplyconvert/target/classes:/Users/wheelernewman/.m2/repository/com/salesforce/functions/sf-fx-sdk-java/1.0.0/sf-fx-sdk-java-1.0.0.jar:/Users/wheelernewman/.m2/repository/org/slf4j/slf4j-api/1.7.30/slf4j-api-1.7.30.jar:/Users/wheelernewman/.m2/repository/junit/junit/4.13.1/junit-4.13.1.jar:/Users/wheelernewman/.m2/repository/org/hamcrest/hamcrest-core/1.3/hamcrest-core-1.3.jar:/Users/wheelernewman/.m2/repository/org/mockito/mockito-core/3.6.28/mockito-core-3.6.28.jar:/Users/wheelernewman/.m2/repository/net/bytebuddy/byte-buddy/1.10.18/byte-buddy-1.10.18.jar:/Users/wheelernewman/.m2/repository/net/bytebuddy/byte-buddy-agent/1.10.18/byte-buddy-agent-1.10.18.jar:/Users/wheelernewman/.m2/repository/org/objenesis/objenesis/3.1/objenesis-3.1.jar:/Users/wheelernewman/.m2/repository/org/hamcrest/hamcrest/2.2/hamcrest-2.2.jar:/Users/wheelernewman/.m2/repository/com/spotify/hamcrest-pojo/1.2.0/hamcrest-pojo-1.2.0.jar:/Users/wheelernewman/.m2/repository/com/google/guava/guava/18.0/guava-18.0.jar:/Users/wheelernewman/.m2/repository/com/spotify/hamcrest-util/1.2.0/hamcrest-util-1.2.0.jar:"/>
    <property name="java.vm.vendor" value="Homebrew"/>
    <property name="sun.arch.data.model" value="64"/>
    <property name="java.vendor.url" value="https://github.com/Homebrew/homebrew-core/issues"/>
    <property name="os.name" value="Mac OS X"/>
    <property name="java.vm.specification.version" value="18"/>
    <property name="sun.java.launcher" value="SUN_STANDARD"/>
    <property name="user.country" value="US"/>
    <property name="sun.boot.library.path" value="/usr/local/Cellar/openjdk/18.0.1/libexec/openjdk.jdk/Contents/Home/lib"/>
    <property name="sun.java.command" value="/Users/wheelernewman/SF Projects/SimplyConvert/functions/simplyconvert/target/surefire/surefirebooter17709344574570483117.jar /Users/wheelernewman/SF Projects/SimplyConvert/functions/simplyconvert/target/surefire 2022-08-11T11-46-41_286-jvmRun1 surefire17949299043852399929tmp surefire_017558316978745117877tmp"/>
    <property name="http.nonProxyHosts" value="local|*.local|169.254/16|*.169.254/16"/>
    <property name="jdk.debug" value="release"/>
    <property name="surefire.test.class.path" value="/Users/wheelernewman/SF Projects/SimplyConvert/functions/simplyconvert/target/test-classes:/Users/wheelernewman/SF Projects/SimplyConvert/functions/simplyconvert/target/classes:/Users/wheelernewman/.m2/repository/com/salesforce/functions/sf-fx-sdk-java/1.0.0/sf-fx-sdk-java-1.0.0.jar:/Users/wheelernewman/.m2/repository/org/slf4j/slf4j-api/1.7.30/slf4j-api-1.7.30.jar:/Users/wheelernewman/.m2/repository/junit/junit/4.13.1/junit-4.13.1.jar:/Users/wheelernewman/.m2/repository/org/hamcrest/hamcrest-core/1.3/hamcrest-core-1.3.jar:/Users/wheelernewman/.m2/repository/org/mockito/mockito-core/3.6.28/mockito-core-3.6.28.jar:/Users/wheelernewman/.m2/repository/net/bytebuddy/byte-buddy/1.10.18/byte-buddy-1.10.18.jar:/Users/wheelernewman/.m2/repository/net/bytebuddy/byte-buddy-agent/1.10.18/byte-buddy-agent-1.10.18.jar:/Users/wheelernewman/.m2/repository/org/objenesis/objenesis/3.1/objenesis-3.1.jar:/Users/wheelernewman/.m2/repository/org/hamcrest/hamcrest/2.2/hamcrest-2.2.jar:/Users/wheelernewman/.m2/repository/com/spotify/hamcrest-pojo/1.2.0/hamcrest-pojo-1.2.0.jar:/Users/wheelernewman/.m2/repository/com/google/guava/guava/18.0/guava-18.0.jar:/Users/wheelernewman/.m2/repository/com/spotify/hamcrest-util/1.2.0/hamcrest-util-1.2.0.jar:"/>
    <property name="sun.cpu.endian" value="little"/>
    <property name="user.home" value="/Users/wheelernewman"/>
    <property name="user.language" value="en"/>
    <property name="java.specification.vendor" value="Oracle Corporation"/>
    <property name="java.version.date" value="2022-04-19"/>
    <property name="java.home" value="/usr/local/Cellar/openjdk/18.0.1/libexec/openjdk.jdk/Contents/Home"/>
    <property name="file.separator" value="/"/>
    <property name="basedir" value="/Users/wheelernewman/SF Projects/SimplyConvert/functions/simplyconvert"/>
    <property name="java.vm.compressedOopsMode" value="Zero based"/>
    <property name="line.separator" value="&#10;"/>
    <property name="java.vm.specification.vendor" value="Oracle Corporation"/>
    <property name="java.specification.name" value="Java Platform API Specification"/>
    <property name="apple.awt.application.name" value="ForkedBooter"/>
    <property name="surefire.real.class.path" value="/Users/wheelernewman/SF Projects/SimplyConvert/functions/simplyconvert/target/surefire/surefirebooter17709344574570483117.jar"/>
    <property name="sun.management.compiler" value="HotSpot 64-Bit Tiered Compilers"/>
    <property name="ftp.nonProxyHosts" value="local|*.local|169.254/16|*.169.254/16"/>
    <property name="java.runtime.version" value="18.0.1+0"/>
    <property name="user.name" value="wheelernewman"/>
    <property name="path.separator" value=":"/>
    <property name="os.version" value="11.5.1"/>
    <property name="java.runtime.name" value="OpenJDK Runtime Environment"/>
    <property name="file.encoding" value="UTF-8"/>
    <property name="java.vm.name" value="OpenJDK 64-Bit Server VM"/>
    <property name="java.vendor.version" value="Homebrew"/>
    <property name="localRepository" value="/Users/wheelernewman/.m2/repository"/>
    <property name="java.vendor.url.bug" value="https://github.com/Homebrew/homebrew-core/issues"/>
    <property name="java.io.tmpdir" value="/var/folders/9z/d87zzs0n7yz8dzfb9t_ys_t40000gp/T/"/>
    <property name="java.version" value="18.0.1"/>
    <property name="user.dir" value="/Users/wheelernewman/SF Projects/SimplyConvert/functions/simplyconvert"/>
    <property name="os.arch" value="x86_64"/>
    <property name="java.vm.specification.name" value="Java Virtual Machine Specification"/>
    <property name="native.encoding" value="UTF-8"/>
    <property name="java.library.path" value="/Users/wheelernewman/Library/Java/Extensions:/Library/Java/Extensions:/Network/Library/Java/Extensions:/System/Library/Java/Extensions:/usr/lib/java:."/>
    <property name="java.vm.info" value="mixed mode, sharing"/>
    <property name="java.vendor" value="Homebrew"/>
    <property name="java.vm.version" value="18.0.1+0"/>
    <property name="sun.io.unicode.encoding" value="UnicodeBig"/>
    <property name="socksNonProxyHosts" value="local|*.local|169.254/16|*.169.254/16"/>
    <property name="java.class.version" value="62.0"/>
  </properties>
  <testcase name="test" classname="com.example.FunctionTest" time="2.458"/>
</testsuite>